PSD-SCCP/C 短路电流计算程序
程序版本：2.3.0
发布时间：May 19 2016 14:08:10

当前时间：2016/10/20_16:06:25
当前数据：D:\download\PSD\PSAP32\Sample\IEEE9\IEEE90.dat
          D:\download\PSD\PSAP32\Sample\IEEE9\IEEE90.swi

<MULTI_NODE_EQUAL_RESULT>
..节点对地的等值支路（诺顿等值形式）：
.#      母线               零序导纳               正序导纳               负序导纳                     电流源
.#                       G0+jB0(p.u.)           G1+jB1(p.u.)           G2+jB2(p.u.)        Im(p.u.)   Im(kA)    Ia(deg)
.#----------------  ---------------------  ---------------------  ---------------------  --------------------------------
B "母线1   " 230.0     0.00589    0.16743     1.33497   -9.71709     1.33497   -9.71709     9.80836    2.46211  -82.17744
B "母线2   " 230.0    -0.00317    0.14262     1.33053   -6.25195     1.33053   -6.25195     6.39196    1.60452  -77.98567
B "母线3   " 230.0    -0.00154    0.15376     0.71124   -5.50134     0.71124   -5.50134     5.54713    1.39245  -82.63342

..节点对地的等值支路（戴维南形式）：
.#      母线               零序阻抗               正序阻抗               负序阻抗                     电压源
.#                       R0+jX0(p.u.)           R1+jX1(p.u.)           R2+jX2(p.u.)        Vm(p.u.)   Vm(kV)    Va(deg)
.#----------------  ---------------------  ---------------------  ---------------------  --------------------------------
B "母线1   " 230.0     0.20980   -5.96521     0.01388    0.10101     0.01388    0.10101     1.00000  230.00000    0.00000
B "母线2   " 230.0    -0.15560   -7.00822     0.03257    0.15302     0.03257    0.15302     1.00000  230.00000    0.00000
B "母线3   " 230.0    -0.06493   -6.50294     0.02311    0.17879     0.02311    0.17879     1.00000  230.00000    0.00000

..节点之间的等值支路（阻抗为空表示不存在该支路）：
.#      母线I             母线J              零序阻抗               正序阻抗               负序阻抗 
.#                                         R0+jX0(p.u.)           R1+jX1(p.u.)           R2+jX2(p.u.)
.#----------------  ----------------  ---------------------  ---------------------  ---------------------
L "母线1   " 230.0  "母线2   " 230.0     0.28472    0.67006     0.02694    0.25648     0.02694    0.25648
L "母线1   " 230.0  "母线3   " 230.0     0.35702    0.66727     0.04363    0.27039     0.04363    0.27039
L "母线2   " 230.0  "母线3   " 230.0     0.15246    0.50952     0.01369    0.17638     0.01369    0.17638

..以上结果中，节点对地、节点之间等值支路的阻抗与“自阻抗”、“互阻抗”的概念完全不同，请注意区分。
..网络等值计算结果与“计算设置”有关，在不同的设置条件下得到的结果会有所差异。
</MULTI_NODE_EQUAL_RESULT>