
===============================================================================
PSD-SCCP/C 短路电流计算程序
程序版本：2.3.0
发布时间：May 19 2016 14:08:10
===============================================================================

当前时间：2016/10/20_16:06:25


[WARNING]  DBR开关遮断容量数据文件打开失败
[WARNING]  D:\download\PSD\PSAP32\Sample\IEEE9\IEEE90.dbr
*******************************************************************************
*                                                                             *
*        短路电流计算条件设置                                                 *
*        ----------------------------------------------------------           *
*        [   ]   采用IEC60909-0:2001计算标准                                  *
*        [   ]   采用精确计算条件                                             *
*        [   ]   采用经典假设计算条件                                         *
*        [ T ]   采用自定义计算条件                                           *
*        ----------------------------------------------------------           *
*        [   ]   基于潮流结果进行计算                                         *
*        [ T ]   计及静态负荷（处理为恒阻抗）                                 *
*        [   ]   计及马达负荷                                                 *
*        [ T ]   正序考虑并联补偿                                             *
*        [ T ]   正序考虑容性并联补偿                                         *
*        [ T ]   正序考虑感性并联补偿                                         *
*        [ T ]   计及线路充电功率                                             *
*        [   ]   忽略变压器非标准变比（采用初始变比）                         *
*        [   ]   忽略支路电阻                                                 *
*        [   ]   串补支路全部旁路                                             *
*        [   ]   忽略出力为零的停运机组                                       *
*        ----------------------------------------------------------           *
*        [   ]   扫描时计算分支电流，并进行相邻支路N-1开断分析                *
*        ----------------------------------------------------------           *
*        节点电压取基准电压                                                   *
*        通过Xd、Xq判断发电机类型(凸极机、隐极机)                             *
*                                                                             *
*******************************************************************************

>>读取 DAT 数据文件... 
    节  点  数 : 9
    交流线路数 : 6
    线路电抗数 : 0
    直流线路数 : 0
    变 压 器数 : 3
>>检查潮流数据...
>>读取 SWI 数据文件...
[WARNING]  LS卡在当前版本程序中未被处理, 以下数据被忽略...
[WARNING]  LS  母线B   230.  母线1   230.      1  0.0                     
[WARNING]  LS卡在当前版本程序中未被处理, 以下数据被忽略...
[WARNING]  LS -母线B   230. -母线1   230.     -1  10.                     
    发电机数 : 3
>>初始化发电机...
>>初始化负荷...

>>执行多点网络等值...

>>输出E格式结果文件：D:\download\PSD\PSAP32\Sample\IEEE9\IEEE90.sce


===============================================================================
程序结束，返回码：0
共耗时 1 秒。
===============================================================================
