PSD-SCCP/C 短路电流计算程序
程序版本：2.3.0
发布时间：May 19 2016 14:08:10

当前时间：2016/07/14_22:46:48
当前数据：D:\download\PSD\PSAP32\Sample\2DC\2DC.dat
          D:\download\PSD\PSAP32\Sample\2DC\2DC.swi

.#      母线      直流功率  MSCR   正序阻抗矩阵(各元素取模值)
.#                 (p.u.)          (p.u.)                    
.#---------------- ------  ------- --------------------------
. NORTH     500.00   14   14.58645 0.00476023
<MULTI_NODE_EQUAL_RESULT>
..节点对地的等值支路（诺顿等值形式）：
.#      母线               零序导纳               正序导纳               负序导纳                     电流源
.#                       G0+jB0(p.u.)           G1+jB1(p.u.)           G2+jB2(p.u.)        Im(p.u.)   Im(kA)    Ia(deg)
.#----------------  ---------------------  ---------------------  ---------------------  --------------------------------
B "NORTH   " 500.0     3.97680  -35.33363     4.81654 -210.01879     4.49476 -264.57595   210.07402   24.25726  -88.68622

..节点对地的等值支路（戴维南形式）：
.#      母线               零序阻抗               正序阻抗               负序阻抗                     电压源
.#                       R0+jX0(p.u.)           R1+jX1(p.u.)           R2+jX2(p.u.)        Vm(p.u.)   Vm(kV)    Va(deg)
.#----------------  ---------------------  ---------------------  ---------------------  --------------------------------
B "NORTH   " 500.0     0.00315    0.02795     0.00011    0.00476     0.00006    0.00378     1.00000  500.00000    0.00000

..节点之间的等值支路（阻抗为空表示不存在该支路）：
.#      母线I             母线J              零序阻抗               正序阻抗               负序阻抗 
.#                                         R0+jX0(p.u.)           R1+jX1(p.u.)           R2+jX2(p.u.)
.#----------------  ----------------  ---------------------  ---------------------  ---------------------

..以上结果中，节点对地、节点之间等值支路的阻抗与“自阻抗”、“互阻抗”的概念完全不同，请注意区分。
..网络等值计算结果与“计算设置”有关，在不同的设置条件下得到的结果会有所差异。
</MULTI_NODE_EQUAL_RESULT>