
 03/20/2003    09:14:58 am     
 ------------------------------------------------------------------------------

 不对称短路故障计算结果汇总：  故障类型：两相接地短路    故障相：BC    单位：有名值
 ---------------------------------------------------------------------------------
 故障节点名:                  STATIONS
 基准电压:                    500.0 kV
 分区:                         1
 开关额定遮断电流             50.0 kA
 正序短路阻抗（欧姆）:         13.62 +j 32.99
 负序短路阻抗（欧姆）:         16.11 +j 32.03
 零序短路阻抗（欧姆）:         44.07 +j 84.52
 短路容量:                     6382.67 MVA
 短路电流:                     7.37 kA
 开关遮断容量越限情况:        No 
 A相电压幅值和角度:           370.38 kV   -14.09 Deg.
 B相电压幅值和角度:              .00 kV  -109.75 Deg.
 C相电压幅值和角度:              .00 kV    91.48 Deg.
 正序电压幅值和角度:          123.46 kV   -14.09 Deg.
 负序电压幅值和角度           123.46 kV   -14.09 Deg.
 零序电压幅值和角度:          123.46 kV   -14.09 Deg.

